<?xml version="1.0" encoding="UTF-8"?>
<!-- Generated by org.testng.reporters.JUnitReportReporter -->
<testsuite hostname="ASUS-TUF-Gaming-A17" failures="0" tests="1" name="scripts2.TestInvalidLogin" time="9.043" errors="0" timestamp="10 Apr 2023 13:13:52 GMT" skipped="0">
  <testcase classname="scripts2.TestInvalidLogin" name="testInvalidLogin" time="9.043"/>
</testsuite> <!-- scripts2.TestInvalidLogin -->
