<?xml version="1.0" encoding="UTF-8"?>
<!-- Generated by org.testng.reporters.JUnitReportReporter -->
<testsuite hostname="ASUS-TUF-Gaming-A17" failures="0" tests="1" name="scripts2.TestValidLogin" time="8.423" errors="0" timestamp="10 Apr 2023 13:13:52 GMT" skipped="0">
  <testcase classname="scripts2.TestValidLogin" name="testValidLogin" time="8.423"/>
</testsuite> <!-- scripts2.TestValidLogin -->
